生成启动时间为 2015/12/17 16:20:16。
     1>项目“E:\MyProject\c++\schedule\schedule\schedule.vcxproj”在节点 2 上(Build 个目标)。
     1>ClCompile:
         F:\vs2013\VC\bin\CL.exe /c /Zi /nologo /W3 /WX- /sdl /O2 /Oi /Oy- /GL /D WIN32 /D NDEBUG /D _CONSOLE /D _LIB /D _UNICODE /D UNICODE /Gm- /EHsc /MD /GS /Gy /fp:precise /Zc:wchar_t /Zc:forScope /Yc"stdafx.h" /Fp"Release\schedule.pch" /Fo"Release\\" /Fd"Release\vc120.pdb" /Gd /TP /analyze- /errorReport:prompt stdafx.cpp
         stdafx.cpp
         F:\vs2013\VC\bin\CL.exe /c /Zi /nologo /W3 /WX- /sdl /O2 /Oi /Oy- /GL /D WIN32 /D NDEBUG /D _CONSOLE /D _LIB /D _UNICODE /D UNICODE /Gm- /EHsc /MD /GS /Gy /fp:precise /Zc:wchar_t /Zc:forScope /Yu"stdafx.h" /Fp"Release\schedule.pch" /Fo"Release\\" /Fd"Release\vc120.pdb" /Gd /TP /analyze- /errorReport:prompt Director.cpp Enemy.cpp main.cpp MainScene.cpp MsgDispatcher.cpp Object.cpp Player.cpp PlayerState.cpp Scheduler.cpp Timer.cpp
         Director.cpp
         Enemy.cpp
         main.cpp
         MainScene.cpp
     1>MainScene.cpp(52): warning C4305: “参数”: 从“double”到“float”截断
     1>MainScene.cpp(82): warning C4244: “初始化”: 从“float”转换到“int”，可能丢失数据
     1>MainScene.cpp(84): warning C4244: “参数”: 从“int”转换到“float”，可能丢失数据
         MsgDispatcher.cpp
         Object.cpp
         Player.cpp
     1>Player.cpp(77): warning C4305: “+=”: 从“double”到“float”截断
     1>Player.cpp(78): warning C4305: “+=”: 从“double”到“float”截断
     1>Player.cpp(80): warning C4305: “+=”: 从“double”到“float”截断
     1>Player.cpp(81): warning C4305: “+=”: 从“double”到“float”截断
         PlayerState.cpp
         Scheduler.cpp
     1>Scheduler.cpp(71): warning C4018: “>=”: 有符号/无符号不匹配
         Timer.cpp
       Link:
         F:\vs2013\VC\bin\link.exe /ERRORREPORT:PROMPT /OUT:"E:\MyProject\c++\schedule\Release\schedule.exe" /INCREMENTAL:NO /NOLOGO kernel32.lib user32.lib gdi32.lib winspool.lib comdlg32.lib advapi32.lib shell32.lib ole32.lib oleaut32.lib uuid.lib odbc32.lib odbccp32.lib /MANIFEST /MANIFESTUAC:"level='asInvoker' uiAccess='false'" /manifest:embed /DEBUG /PDB:"E:\MyProject\c++\schedule\Release\schedule.pdb" /SUBSYSTEM:CONSOLE /OPT:REF /OPT:ICF /LTCG /TLBID:1 /DYNAMICBASE /NXCOMPAT /IMPLIB:"E:\MyProject\c++\schedule\Release\schedule.lib" /MACHINE:X86 /SAFESEH Release\Director.obj
         Release\Enemy.obj
         Release\main.obj
         Release\MainScene.obj
         Release\MsgDispatcher.obj
         Release\Object.obj
         Release\Player.obj
         Release\PlayerState.obj
         Release\Scheduler.obj
         Release\stdafx.obj
         Release\Timer.obj
         正在生成代码
         已完成代码的生成
         schedule.vcxproj -> E:\MyProject\c++\schedule\Release\schedule.exe
     1>已完成生成项目“E:\MyProject\c++\schedule\schedule\schedule.vcxproj”(Build 个目标)的操作。

生成成功。

已用时间 00:00:04.48
